[Mon Feb 26 20:39:47.005432 2024] [ssl:warn] [pid 16680:tid 468] AH01909: www.example.com:443:0 server certificate does NOT include an ID which matches the server name
[Mon Feb 26 20:39:47.046410 2024] [ssl:warn] [pid 16680:tid 468] AH01909: www.example.com:443:0 server certificate does NOT include an ID which matches the server name
[Mon Feb 26 20:39:47.091384 2024] [mpm_winnt:notice] [pid 16680:tid 468] AH00455: Apache/2.4.58 (Win64) OpenSSL/3.1.3 PHP/8.2.12 configured -- resuming normal operations
[Mon Feb 26 20:39:47.091384 2024] [mpm_winnt:notice] [pid 16680:tid 468] AH00456: Apache Lounge VS17 Server built: Oct 18 2023 13:03:18
[Mon Feb 26 20:39:47.091384 2024] [core:notice] [pid 16680:tid 468] AH00094: Command line: 'e:\\programme\\xammp\\apache\\bin\\httpd.exe -d E:/Programme/XAMMP/apache'
[Mon Feb 26 20:39:47.095381 2024] [mpm_winnt:notice] [pid 16680:tid 468] AH00418: Parent: Created child process 6800
[Mon Feb 26 20:39:47.574104 2024] [ssl:warn] [pid 6800:tid 440] AH01909: www.example.com:443:0 server certificate does NOT include an ID which matches the server name
[Mon Feb 26 20:39:47.613082 2024] [ssl:warn] [pid 6800:tid 440] AH01909: www.example.com:443:0 server certificate does NOT include an ID which matches the server name
[Mon Feb 26 20:39:47.652060 2024] [mpm_winnt:notice] [pid 6800:tid 440] AH00354: Child: Starting 150 worker threads.
[Mon Feb 26 21:56:01.508196 2024] [ssl:warn] [pid 16376:tid 436] AH01909: www.example.com:443:0 server certificate does NOT include an ID which matches the server name
[Mon Feb 26 21:56:01.545117 2024] [core:warn] [pid 16376:tid 436] AH00098: pid file E:/Programme/XAMMP/apache/logs/httpd.pid overwritten -- Unclean shutdown of previous Apache run?
[Mon Feb 26 21:56:01.547117 2024] [ssl:warn] [pid 16376:tid 436] AH01909: www.example.com:443:0 server certificate does NOT include an ID which matches the server name
PHP Warning:  PHP Startup: Unable to load dynamic library 'pdo_sqlit' (tried: E:\\Programme\\XAMMP\\php\\ext\\pdo_sqlit (Das angegebene Modul wurde nicht gefunden), E:\\Programme\\XAMMP\\php\\ext\\php_pdo_sqlit.dll (Das angegebene Modul wurde nicht gefunden)) in Unknown on line 0
[Mon Feb 26 21:56:01.596088 2024] [mpm_winnt:notice] [pid 16376:tid 436] AH00455: Apache/2.4.58 (Win64) OpenSSL/3.1.3 PHP/8.2.12 configured -- resuming normal operations
[Mon Feb 26 21:56:01.596088 2024] [mpm_winnt:notice] [pid 16376:tid 436] AH00456: Apache Lounge VS17 Server built: Oct 18 2023 13:03:18
[Mon Feb 26 21:56:01.596088 2024] [core:notice] [pid 16376:tid 436] AH00094: Command line: 'e:\\programme\\xammp\\apache\\bin\\httpd.exe -d E:/Programme/XAMMP/apache'
[Mon Feb 26 21:56:01.600086 2024] [mpm_winnt:notice] [pid 16376:tid 436] AH00418: Parent: Created child process 11812
[Mon Feb 26 21:56:02.051529 2024] [ssl:warn] [pid 11812:tid 428] AH01909: www.example.com:443:0 server certificate does NOT include an ID which matches the server name
[Mon Feb 26 21:56:02.086130 2024] [ssl:warn] [pid 11812:tid 428] AH01909: www.example.com:443:0 server certificate does NOT include an ID which matches the server name
PHP Warning:  PHP Startup: Unable to load dynamic library 'pdo_sqlit' (tried: E:\\Programme\\XAMMP\\php\\ext\\pdo_sqlit (Das angegebene Modul wurde nicht gefunden), E:\\Programme\\XAMMP\\php\\ext\\php_pdo_sqlit.dll (Das angegebene Modul wurde nicht gefunden)) in Unknown on line 0
[Mon Feb 26 21:56:02.126089 2024] [mpm_winnt:notice] [pid 11812:tid 428] AH00354: Child: Starting 150 worker threads.
[Mon Feb 26 22:06:03.227082 2024] [ssl:warn] [pid 17076:tid 436] AH01909: www.example.com:443:0 server certificate does NOT include an ID which matches the server name
[Mon Feb 26 22:06:03.268567 2024] [core:warn] [pid 17076:tid 436] AH00098: pid file E:/Programme/XAMMP/apache/logs/httpd.pid overwritten -- Unclean shutdown of previous Apache run?
[Mon Feb 26 22:06:03.270568 2024] [ssl:warn] [pid 17076:tid 436] AH01909: www.example.com:443:0 server certificate does NOT include an ID which matches the server name
PHP Warning:  PHP Startup: Unable to load dynamic library 'pdo_sqlit' (tried: E:\\Programme\\XAMMP\\php\\ext\\pdo_sqlit (Das angegebene Modul wurde nicht gefunden), E:\\Programme\\XAMMP\\php\\ext\\php_pdo_sqlit.dll (Das angegebene Modul wurde nicht gefunden)) in Unknown on line 0
[Mon Feb 26 22:06:03.318729 2024] [mpm_winnt:notice] [pid 17076:tid 436] AH00455: Apache/2.4.58 (Win64) OpenSSL/3.1.3 PHP/8.2.12 configured -- resuming normal operations
[Mon Feb 26 22:06:03.318729 2024] [mpm_winnt:notice] [pid 17076:tid 436] AH00456: Apache Lounge VS17 Server built: Oct 18 2023 13:03:18
[Mon Feb 26 22:06:03.318729 2024] [core:notice] [pid 17076:tid 436] AH00094: Command line: 'e:\\programme\\xammp\\apache\\bin\\httpd.exe -d E:/Programme/XAMMP/apache'
[Mon Feb 26 22:06:03.323725 2024] [mpm_winnt:notice] [pid 17076:tid 436] AH00418: Parent: Created child process 9492
[Mon Feb 26 22:06:03.818489 2024] [ssl:warn] [pid 9492:tid 440] AH01909: www.example.com:443:0 server certificate does NOT include an ID which matches the server name
[Mon Feb 26 22:06:03.859256 2024] [ssl:warn] [pid 9492:tid 440] AH01909: www.example.com:443:0 server certificate does NOT include an ID which matches the server name
PHP Warning:  PHP Startup: Unable to load dynamic library 'pdo_sqlit' (tried: E:\\Programme\\XAMMP\\php\\ext\\pdo_sqlit (Das angegebene Modul wurde nicht gefunden), E:\\Programme\\XAMMP\\php\\ext\\php_pdo_sqlit.dll (Das angegebene Modul wurde nicht gefunden)) in Unknown on line 0
[Mon Feb 26 22:06:03.905498 2024] [mpm_winnt:notice] [pid 9492:tid 440] AH00354: Child: Starting 150 worker threads.
[Mon Feb 26 22:07:50.048252 2024] [ssl:warn] [pid 17460:tid 424] AH01909: www.example.com:443:0 server certificate does NOT include an ID which matches the server name
[Mon Feb 26 22:07:50.084238 2024] [core:warn] [pid 17460:tid 424] AH00098: pid file E:/Programme/XAMMP/apache/logs/httpd.pid overwritten -- Unclean shutdown of previous Apache run?
[Mon Feb 26 22:07:50.086223 2024] [ssl:warn] [pid 17460:tid 424] AH01909: www.example.com:443:0 server certificate does NOT include an ID which matches the server name
PHP Warning:  PHP Startup: Unable to load dynamic library 'pdo_sqlit' (tried: E:\\Programme\\XAMMP\\php\\ext\\pdo_sqlit (Das angegebene Modul wurde nicht gefunden), E:\\Programme\\XAMMP\\php\\ext\\php_pdo_sqlit.dll (Das angegebene Modul wurde nicht gefunden)) in Unknown on line 0
[Mon Feb 26 22:07:50.128197 2024] [mpm_winnt:notice] [pid 17460:tid 424] AH00455: Apache/2.4.58 (Win64) OpenSSL/3.1.3 PHP/8.2.12 configured -- resuming normal operations
[Mon Feb 26 22:07:50.128197 2024] [mpm_winnt:notice] [pid 17460:tid 424] AH00456: Apache Lounge VS17 Server built: Oct 18 2023 13:03:18
[Mon Feb 26 22:07:50.128197 2024] [core:notice] [pid 17460:tid 424] AH00094: Command line: 'e:\\programme\\xammp\\apache\\bin\\httpd.exe -d E:/Programme/XAMMP/apache'
[Mon Feb 26 22:07:50.132195 2024] [mpm_winnt:notice] [pid 17460:tid 424] AH00418: Parent: Created child process 7236
[Mon Feb 26 22:07:50.592994 2024] [ssl:warn] [pid 7236:tid 440] AH01909: www.example.com:443:0 server certificate does NOT include an ID which matches the server name
[Mon Feb 26 22:07:50.627861 2024] [ssl:warn] [pid 7236:tid 440] AH01909: www.example.com:443:0 server certificate does NOT include an ID which matches the server name
PHP Warning:  PHP Startup: Unable to load dynamic library 'pdo_sqlit' (tried: E:\\Programme\\XAMMP\\php\\ext\\pdo_sqlit (Das angegebene Modul wurde nicht gefunden), E:\\Programme\\XAMMP\\php\\ext\\php_pdo_sqlit.dll (Das angegebene Modul wurde nicht gefunden)) in Unknown on line 0
[Mon Feb 26 22:07:50.669156 2024] [mpm_winnt:notice] [pid 7236:tid 440] AH00354: Child: Starting 150 worker threads.
[Mon Feb 26 22:07:53.831889 2024] [php:error] [pid 7236:tid 1964] [client 127.0.0.1:58355] script 'E:/Programme/XAMMP/htdocs/setup.php' not found or unable to stat
[Mon Feb 26 22:42:57.668526 2024] [php:error] [pid 7236:tid 1964] [client 127.0.0.1:59529] script 'E:/Programme/XAMMP/htdocs/setup.php' not found or unable to stat
[Mon Feb 26 23:25:28.708138 2024] [ssl:warn] [pid 21280:tid 396] AH01909: www.example.com:443:0 server certificate does NOT include an ID which matches the server name
[Mon Feb 26 23:25:28.742651 2024] [core:warn] [pid 21280:tid 396] AH00098: pid file E:/Programme/XAMMP/apache/logs/httpd.pid overwritten -- Unclean shutdown of previous Apache run?
[Mon Feb 26 23:25:28.745647 2024] [ssl:warn] [pid 21280:tid 396] AH01909: www.example.com:443:0 server certificate does NOT include an ID which matches the server name
PHP Warning:  PHP Startup: Unable to load dynamic library 'pdo_sqlit' (tried: E:\\Programme\\XAMMP\\php\\ext\\pdo_sqlit (Das angegebene Modul wurde nicht gefunden), E:\\Programme\\XAMMP\\php\\ext\\php_pdo_sqlit.dll (Das angegebene Modul wurde nicht gefunden)) in Unknown on line 0
[Mon Feb 26 23:25:28.786803 2024] [mpm_winnt:notice] [pid 21280:tid 396] AH00455: Apache/2.4.58 (Win64) OpenSSL/3.1.3 PHP/8.2.12 configured -- resuming normal operations
[Mon Feb 26 23:25:28.786803 2024] [mpm_winnt:notice] [pid 21280:tid 396] AH00456: Apache Lounge VS17 Server built: Oct 18 2023 13:03:18
[Mon Feb 26 23:25:28.786803 2024] [core:notice] [pid 21280:tid 396] AH00094: Command line: 'e:\\programme\\xammp\\apache\\bin\\httpd.exe -d E:/Programme/XAMMP/apache'
[Mon Feb 26 23:25:28.789801 2024] [mpm_winnt:notice] [pid 21280:tid 396] AH00418: Parent: Created child process 14900
[Mon Feb 26 23:25:29.251536 2024] [ssl:warn] [pid 14900:tid 400] AH01909: www.example.com:443:0 server certificate does NOT include an ID which matches the server name
[Mon Feb 26 23:25:29.284498 2024] [ssl:warn] [pid 14900:tid 400] AH01909: www.example.com:443:0 server certificate does NOT include an ID which matches the server name
PHP Warning:  PHP Startup: Unable to load dynamic library 'pdo_sqlit' (tried: E:\\Programme\\XAMMP\\php\\ext\\pdo_sqlit (Das angegebene Modul wurde nicht gefunden), E:\\Programme\\XAMMP\\php\\ext\\php_pdo_sqlit.dll (Das angegebene Modul wurde nicht gefunden)) in Unknown on line 0
[Mon Feb 26 23:25:29.324490 2024] [mpm_winnt:notice] [pid 14900:tid 400] AH00354: Child: Starting 150 worker threads.
[Tue Feb 27 00:39:35.692412 2024] [ssl:warn] [pid 3516:tid 408] AH01909: www.example.com:443:0 server certificate does NOT include an ID which matches the server name
[Tue Feb 27 00:39:35.726393 2024] [core:warn] [pid 3516:tid 408] AH00098: pid file E:/Programme/XAMMP/apache/logs/httpd.pid overwritten -- Unclean shutdown of previous Apache run?
[Tue Feb 27 00:39:35.729392 2024] [ssl:warn] [pid 3516:tid 408] AH01909: www.example.com:443:0 server certificate does NOT include an ID which matches the server name
PHP Warning:  PHP Startup: Unable to load dynamic library 'pdo_sqlit' (tried: E:\\Programme\\XAMMP\\php\\ext\\pdo_sqlit (Das angegebene Modul wurde nicht gefunden), E:\\Programme\\XAMMP\\php\\ext\\php_pdo_sqlit.dll (Das angegebene Modul wurde nicht gefunden)) in Unknown on line 0
[Tue Feb 27 00:39:35.873308 2024] [mpm_winnt:notice] [pid 3516:tid 408] AH00455: Apache/2.4.58 (Win64) OpenSSL/3.1.3 PHP/8.2.12 configured -- resuming normal operations
[Tue Feb 27 00:39:35.873308 2024] [mpm_winnt:notice] [pid 3516:tid 408] AH00456: Apache Lounge VS17 Server built: Oct 18 2023 13:03:18
[Tue Feb 27 00:39:35.873308 2024] [core:notice] [pid 3516:tid 408] AH00094: Command line: 'e:\\programme\\xammp\\apache\\bin\\httpd.exe -d E:/Programme/XAMMP/apache'
[Tue Feb 27 00:39:35.877305 2024] [mpm_winnt:notice] [pid 3516:tid 408] AH00418: Parent: Created child process 3312
[Tue Feb 27 00:39:36.248092 2024] [ssl:warn] [pid 3312:tid 436] AH01909: www.example.com:443:0 server certificate does NOT include an ID which matches the server name
[Tue Feb 27 00:39:36.283072 2024] [ssl:warn] [pid 3312:tid 436] AH01909: www.example.com:443:0 server certificate does NOT include an ID which matches the server name
PHP Warning:  PHP Startup: Unable to load dynamic library 'pdo_sqlit' (tried: E:\\Programme\\XAMMP\\php\\ext\\pdo_sqlit (Das angegebene Modul wurde nicht gefunden), E:\\Programme\\XAMMP\\php\\ext\\php_pdo_sqlit.dll (Das angegebene Modul wurde nicht gefunden)) in Unknown on line 0
[Tue Feb 27 00:39:36.329045 2024] [mpm_winnt:notice] [pid 3312:tid 436] AH00354: Child: Starting 150 worker threads.
[Tue Feb 27 00:47:27.914447 2024] [ssl:warn] [pid 15284:tid 408] AH01909: www.example.com:443:0 server certificate does NOT include an ID which matches the server name
[Tue Feb 27 00:47:27.946443 2024] [core:warn] [pid 15284:tid 408] AH00098: pid file E:/Programme/XAMMP/apache/logs/httpd.pid overwritten -- Unclean shutdown of previous Apache run?
[Tue Feb 27 00:47:27.949429 2024] [ssl:warn] [pid 15284:tid 408] AH01909: www.example.com:443:0 server certificate does NOT include an ID which matches the server name
PHP Warning:  PHP Startup: Unable to load dynamic library 'pdo_sqlit' (tried: E:\\Programme\\XAMMP\\php\\ext\\pdo_sqlit (Das angegebene Modul wurde nicht gefunden), E:\\Programme\\XAMMP\\php\\ext\\php_pdo_sqlit.dll (Das angegebene Modul wurde nicht gefunden)) in Unknown on line 0
[Tue Feb 27 00:47:27.997400 2024] [mpm_winnt:notice] [pid 15284:tid 408] AH00455: Apache/2.4.58 (Win64) OpenSSL/3.1.3 PHP/8.2.12 configured -- resuming normal operations
[Tue Feb 27 00:47:27.997400 2024] [mpm_winnt:notice] [pid 15284:tid 408] AH00456: Apache Lounge VS17 Server built: Oct 18 2023 13:03:18
[Tue Feb 27 00:47:27.997400 2024] [core:notice] [pid 15284:tid 408] AH00094: Command line: 'e:\\programme\\xammp\\apache\\bin\\httpd.exe -d E:/Programme/XAMMP/apache'
[Tue Feb 27 00:47:28.000397 2024] [mpm_winnt:notice] [pid 15284:tid 408] AH00418: Parent: Created child process 13536
[Tue Feb 27 00:47:28.347993 2024] [ssl:warn] [pid 13536:tid 424] AH01909: www.example.com:443:0 server certificate does NOT include an ID which matches the server name
[Tue Feb 27 00:47:28.377976 2024] [ssl:warn] [pid 13536:tid 424] AH01909: www.example.com:443:0 server certificate does NOT include an ID which matches the server name
PHP Warning:  PHP Startup: Unable to load dynamic library 'pdo_sqlit' (tried: E:\\Programme\\XAMMP\\php\\ext\\pdo_sqlit (Das angegebene Modul wurde nicht gefunden), E:\\Programme\\XAMMP\\php\\ext\\php_pdo_sqlit.dll (Das angegebene Modul wurde nicht gefunden)) in Unknown on line 0
[Tue Feb 27 00:47:28.420141 2024] [mpm_winnt:notice] [pid 13536:tid 424] AH00354: Child: Starting 150 worker threads.
[Tue Feb 27 01:07:34.998914 2024] [ssl:warn] [pid 14324:tid 396] AH01909: www.example.com:443:0 server certificate does NOT include an ID which matches the server name
[Tue Feb 27 01:07:35.028882 2024] [core:warn] [pid 14324:tid 396] AH00098: pid file E:/Programme/XAMMP/apache/logs/httpd.pid overwritten -- Unclean shutdown of previous Apache run?
[Tue Feb 27 01:07:35.030882 2024] [ssl:warn] [pid 14324:tid 396] AH01909: www.example.com:443:0 server certificate does NOT include an ID which matches the server name
PHP Warning:  PHP Startup: Unable to load dynamic library 'pdo_sqlit' (tried: E:\\Programme\\XAMMP\\php\\ext\\pdo_sqlit (Das angegebene Modul wurde nicht gefunden), E:\\Programme\\XAMMP\\php\\ext\\php_pdo_sqlit.dll (Das angegebene Modul wurde nicht gefunden)) in Unknown on line 0
[Tue Feb 27 01:07:35.071215 2024] [mpm_winnt:notice] [pid 14324:tid 396] AH00455: Apache/2.4.58 (Win64) OpenSSL/3.1.3 PHP/8.2.12 configured -- resuming normal operations
[Tue Feb 27 01:07:35.071215 2024] [mpm_winnt:notice] [pid 14324:tid 396] AH00456: Apache Lounge VS17 Server built: Oct 18 2023 13:03:18
[Tue Feb 27 01:07:35.071215 2024] [core:notice] [pid 14324:tid 396] AH00094: Command line: 'e:\\programme\\xammp\\apache\\bin\\httpd.exe -d E:/Programme/XAMMP/apache'
[Tue Feb 27 01:07:35.074199 2024] [mpm_winnt:notice] [pid 14324:tid 396] AH00418: Parent: Created child process 15112
[Tue Feb 27 01:07:35.430749 2024] [ssl:warn] [pid 15112:tid 400] AH01909: www.example.com:443:0 server certificate does NOT include an ID which matches the server name
[Tue Feb 27 01:07:35.460784 2024] [ssl:warn] [pid 15112:tid 400] AH01909: www.example.com:443:0 server certificate does NOT include an ID which matches the server name
PHP Warning:  PHP Startup: Unable to load dynamic library 'pdo_sqlit' (tried: E:\\Programme\\XAMMP\\php\\ext\\pdo_sqlit (Das angegebene Modul wurde nicht gefunden), E:\\Programme\\XAMMP\\php\\ext\\php_pdo_sqlit.dll (Das angegebene Modul wurde nicht gefunden)) in Unknown on line 0
[Tue Feb 27 01:07:35.501760 2024] [mpm_winnt:notice] [pid 15112:tid 400] AH00354: Child: Starting 150 worker threads.
[Tue Feb 27 01:15:06.033945 2024] [ssl:warn] [pid 18192:tid 396] AH01909: www.example.com:443:0 server certificate does NOT include an ID which matches the server name
[Tue Feb 27 01:15:06.062929 2024] [core:warn] [pid 18192:tid 396] AH00098: pid file E:/Programme/XAMMP/apache/logs/httpd.pid overwritten -- Unclean shutdown of previous Apache run?
[Tue Feb 27 01:15:06.064929 2024] [ssl:warn] [pid 18192:tid 396] AH01909: www.example.com:443:0 server certificate does NOT include an ID which matches the server name
PHP Warning:  PHP Startup: Unable to load dynamic library 'pdo_sqlit' (tried: E:\\Programme\\XAMMP\\php\\ext\\pdo_sqlit (Das angegebene Modul wurde nicht gefunden), E:\\Programme\\XAMMP\\php\\ext\\php_pdo_sqlit.dll (Das angegebene Modul wurde nicht gefunden)) in Unknown on line 0
[Tue Feb 27 01:15:06.105904 2024] [mpm_winnt:notice] [pid 18192:tid 396] AH00455: Apache/2.4.58 (Win64) OpenSSL/3.1.3 PHP/8.2.12 configured -- resuming normal operations
[Tue Feb 27 01:15:06.105904 2024] [mpm_winnt:notice] [pid 18192:tid 396] AH00456: Apache Lounge VS17 Server built: Oct 18 2023 13:03:18
[Tue Feb 27 01:15:06.105904 2024] [core:notice] [pid 18192:tid 396] AH00094: Command line: 'e:\\programme\\xammp\\apache\\bin\\httpd.exe -d E:/Programme/XAMMP/apache'
[Tue Feb 27 01:15:06.108903 2024] [mpm_winnt:notice] [pid 18192:tid 396] AH00418: Parent: Created child process 18376
[Tue Feb 27 01:15:06.559623 2024] [ssl:warn] [pid 18376:tid 412] AH01909: www.example.com:443:0 server certificate does NOT include an ID which matches the server name
[Tue Feb 27 01:15:06.590887 2024] [ssl:warn] [pid 18376:tid 412] AH01909: www.example.com:443:0 server certificate does NOT include an ID which matches the server name
PHP Warning:  PHP Startup: Unable to load dynamic library 'pdo_sqlit' (tried: E:\\Programme\\XAMMP\\php\\ext\\pdo_sqlit (Das angegebene Modul wurde nicht gefunden), E:\\Programme\\XAMMP\\php\\ext\\php_pdo_sqlit.dll (Das angegebene Modul wurde nicht gefunden)) in Unknown on line 0
[Tue Feb 27 01:15:06.632865 2024] [mpm_winnt:notice] [pid 18376:tid 412] AH00354: Child: Starting 150 worker threads.
[Tue Feb 27 01:25:44.456327 2024] [ssl:warn] [pid 17048:tid 396] AH01909: www.example.com:443:0 server certificate does NOT include an ID which matches the server name
[Tue Feb 27 01:25:44.486312 2024] [core:warn] [pid 17048:tid 396] AH00098: pid file E:/Programme/XAMMP/apache/logs/httpd.pid overwritten -- Unclean shutdown of previous Apache run?
[Tue Feb 27 01:25:44.489330 2024] [ssl:warn] [pid 17048:tid 396] AH01909: www.example.com:443:0 server certificate does NOT include an ID which matches the server name
PHP Warning:  PHP Startup: Unable to load dynamic library 'pdo_sqlit' (tried: E:\\Programme\\XAMMP\\php\\ext\\pdo_sqlit (Das angegebene Modul wurde nicht gefunden), E:\\Programme\\XAMMP\\php\\ext\\php_pdo_sqlit.dll (Das angegebene Modul wurde nicht gefunden)) in Unknown on line 0
[Tue Feb 27 01:25:44.531284 2024] [mpm_winnt:notice] [pid 17048:tid 396] AH00455: Apache/2.4.58 (Win64) OpenSSL/3.1.3 PHP/8.2.12 configured -- resuming normal operations
[Tue Feb 27 01:25:44.531284 2024] [mpm_winnt:notice] [pid 17048:tid 396] AH00456: Apache Lounge VS17 Server built: Oct 18 2023 13:03:18
[Tue Feb 27 01:25:44.531284 2024] [core:notice] [pid 17048:tid 396] AH00094: Command line: 'e:\\programme\\xammp\\apache\\bin\\httpd.exe -d E:/Programme/XAMMP/apache'
[Tue Feb 27 01:25:44.534283 2024] [mpm_winnt:notice] [pid 17048:tid 396] AH00418: Parent: Created child process 9656
[Tue Feb 27 01:25:44.896252 2024] [ssl:warn] [pid 9656:tid 408] AH01909: www.example.com:443:0 server certificate does NOT include an ID which matches the server name
[Tue Feb 27 01:25:44.927613 2024] [ssl:warn] [pid 9656:tid 408] AH01909: www.example.com:443:0 server certificate does NOT include an ID which matches the server name
PHP Warning:  PHP Startup: Unable to load dynamic library 'pdo_sqlit' (tried: E:\\Programme\\XAMMP\\php\\ext\\pdo_sqlit (Das angegebene Modul wurde nicht gefunden), E:\\Programme\\XAMMP\\php\\ext\\php_pdo_sqlit.dll (Das angegebene Modul wurde nicht gefunden)) in Unknown on line 0
[Tue Feb 27 01:25:44.968590 2024] [mpm_winnt:notice] [pid 9656:tid 408] AH00354: Child: Starting 150 worker threads.
[Tue Feb 27 01:39:10.808548 2024] [core:error] [pid 9656:tid 1888] (20024)The given path is misformatted or contained invalid characters: [client 127.0.0.1:53141] AH00127: Cannot map GET /public/%3Cbr%20%3E%3C/a%3E%3Cb%3EDeprecated%3C/b%3E:%20%20Creation%20of%20dynamic%20property%20Zend/Mvc/Router/Http/Part::$priority%20is%20deprecated%20in%20%3Cb%3EE:/Programme/XAMMP/htdocs/src/Zend/Mvc/src/Router/Http/TreeRouteStack.php%3C/b%3E%20on%20line%20%3Cb%3E223%3C/b%3E%3Cbr%20/%3E/public/backend/booking HTTP/1.1 to file, referer: http://localhost/public/
[Tue Feb 27 01:56:50.445024 2024] [ssl:warn] [pid 17640:tid 420] AH01909: www.example.com:443:0 server certificate does NOT include an ID which matches the server name
[Tue Feb 27 01:56:50.500991 2024] [core:warn] [pid 17640:tid 420] AH00098: pid file E:/Programme/XAMMP/apache/logs/httpd.pid overwritten -- Unclean shutdown of previous Apache run?
[Tue Feb 27 01:56:50.505989 2024] [ssl:warn] [pid 17640:tid 420] AH01909: www.example.com:443:0 server certificate does NOT include an ID which matches the server name
PHP Warning:  PHP Startup: Unable to load dynamic library 'pdo_sqlit' (tried: E:\\Programme\\XAMMP\\php\\ext\\pdo_sqlit (Das angegebene Modul wurde nicht gefunden), E:\\Programme\\XAMMP\\php\\ext\\php_pdo_sqlit.dll (Das angegebene Modul wurde nicht gefunden)) in Unknown on line 0
[Tue Feb 27 01:56:50.987716 2024] [mpm_winnt:notice] [pid 17640:tid 420] AH00455: Apache/2.4.58 (Win64) OpenSSL/3.1.3 PHP/8.2.12 configured -- resuming normal operations
[Tue Feb 27 01:56:50.987716 2024] [mpm_winnt:notice] [pid 17640:tid 420] AH00456: Apache Lounge VS17 Server built: Oct 18 2023 13:03:18
[Tue Feb 27 01:56:50.987716 2024] [core:notice] [pid 17640:tid 420] AH00094: Command line: 'e:\\programme\\xammp\\apache\\bin\\httpd.exe -d E:/Programme/XAMMP/apache'
[Tue Feb 27 01:56:50.991729 2024] [mpm_winnt:notice] [pid 17640:tid 420] AH00418: Parent: Created child process 2892
[Tue Feb 27 01:56:51.420013 2024] [ssl:warn] [pid 2892:tid 452] AH01909: www.example.com:443:0 server certificate does NOT include an ID which matches the server name
[Tue Feb 27 01:56:51.463983 2024] [ssl:warn] [pid 2892:tid 452] AH01909: www.example.com:443:0 server certificate does NOT include an ID which matches the server name
PHP Warning:  PHP Startup: Unable to load dynamic library 'pdo_sqlit' (tried: E:\\Programme\\XAMMP\\php\\ext\\pdo_sqlit (Das angegebene Modul wurde nicht gefunden), E:\\Programme\\XAMMP\\php\\ext\\php_pdo_sqlit.dll (Das angegebene Modul wurde nicht gefunden)) in Unknown on line 0
[Tue Feb 27 01:56:51.522959 2024] [mpm_winnt:notice] [pid 2892:tid 452] AH00354: Child: Starting 150 worker threads.
[Tue Feb 27 21:07:53.500196 2024] [ssl:warn] [pid 16152:tid 404] AH01909: www.example.com:443:0 server certificate does NOT include an ID which matches the server name
[Tue Feb 27 21:07:53.533167 2024] [core:warn] [pid 16152:tid 404] AH00098: pid file E:/Programme/XAMMP/apache/logs/httpd.pid overwritten -- Unclean shutdown of previous Apache run?
[Tue Feb 27 21:07:53.535167 2024] [ssl:warn] [pid 16152:tid 404] AH01909: www.example.com:443:0 server certificate does NOT include an ID which matches the server name
PHP Warning:  PHP Startup: Unable to load dynamic library 'pdo_sqlit' (tried: E:\\Programme\\XAMMP\\php\\ext\\pdo_sqlit (Das angegebene Modul wurde nicht gefunden), E:\\Programme\\XAMMP\\php\\ext\\php_pdo_sqlit.dll (Das angegebene Modul wurde nicht gefunden)) in Unknown on line 0
[Tue Feb 27 21:07:53.959922 2024] [mpm_winnt:notice] [pid 16152:tid 404] AH00455: Apache/2.4.58 (Win64) OpenSSL/3.1.3 PHP/8.2.12 configured -- resuming normal operations
[Tue Feb 27 21:07:53.959922 2024] [mpm_winnt:notice] [pid 16152:tid 404] AH00456: Apache Lounge VS17 Server built: Oct 18 2023 13:03:18
[Tue Feb 27 21:07:53.959922 2024] [core:notice] [pid 16152:tid 404] AH00094: Command line: 'e:\\programme\\xammp\\apache\\bin\\httpd.exe -d E:/Programme/XAMMP/apache'
[Tue Feb 27 21:07:53.962936 2024] [mpm_winnt:notice] [pid 16152:tid 404] AH00418: Parent: Created child process 20244
[Tue Feb 27 21:07:54.424299 2024] [ssl:warn] [pid 20244:tid 408] AH01909: www.example.com:443:0 server certificate does NOT include an ID which matches the server name
[Tue Feb 27 21:07:54.458281 2024] [ssl:warn] [pid 20244:tid 408] AH01909: www.example.com:443:0 server certificate does NOT include an ID which matches the server name
PHP Warning:  PHP Startup: Unable to load dynamic library 'pdo_sqlit' (tried: E:\\Programme\\XAMMP\\php\\ext\\pdo_sqlit (Das angegebene Modul wurde nicht gefunden), E:\\Programme\\XAMMP\\php\\ext\\php_pdo_sqlit.dll (Das angegebene Modul wurde nicht gefunden)) in Unknown on line 0
[Tue Feb 27 21:07:54.499256 2024] [mpm_winnt:notice] [pid 20244:tid 408] AH00354: Child: Starting 150 worker threads.
[Wed Feb 28 17:41:55.628679 2024] [ssl:warn] [pid 10928:tid 416] AH01909: www.example.com:443:0 server certificate does NOT include an ID which matches the server name
[Wed Feb 28 17:41:55.669651 2024] [core:warn] [pid 10928:tid 416] AH00098: pid file E:/Programme/XAMMP/apache/logs/httpd.pid overwritten -- Unclean shutdown of previous Apache run?
[Wed Feb 28 17:41:55.672651 2024] [ssl:warn] [pid 10928:tid 416] AH01909: www.example.com:443:0 server certificate does NOT include an ID which matches the server name
PHP Warning:  PHP Startup: Unable to load dynamic library 'pdo_sqlit' (tried: E:\\Programme\\XAMMP\\php\\ext\\pdo_sqlit (Das angegebene Modul wurde nicht gefunden), E:\\Programme\\XAMMP\\php\\ext\\php_pdo_sqlit.dll (Das angegebene Modul wurde nicht gefunden)) in Unknown on line 0
[Wed Feb 28 17:41:56.131007 2024] [mpm_winnt:notice] [pid 10928:tid 416] AH00455: Apache/2.4.58 (Win64) OpenSSL/3.1.3 PHP/8.2.12 configured -- resuming normal operations
[Wed Feb 28 17:41:56.131007 2024] [mpm_winnt:notice] [pid 10928:tid 416] AH00456: Apache Lounge VS17 Server built: Oct 18 2023 13:03:18
[Wed Feb 28 17:41:56.131007 2024] [core:notice] [pid 10928:tid 416] AH00094: Command line: 'e:\\programme\\xammp\\apache\\bin\\httpd.exe -d E:/Programme/XAMMP/apache'
[Wed Feb 28 17:41:56.134008 2024] [mpm_winnt:notice] [pid 10928:tid 416] AH00418: Parent: Created child process 11944
[Wed Feb 28 17:41:56.517906 2024] [ssl:warn] [pid 11944:tid 408] AH01909: www.example.com:443:0 server certificate does NOT include an ID which matches the server name
[Wed Feb 28 17:41:56.562881 2024] [ssl:warn] [pid 11944:tid 408] AH01909: www.example.com:443:0 server certificate does NOT include an ID which matches the server name
PHP Warning:  PHP Startup: Unable to load dynamic library 'pdo_sqlit' (tried: E:\\Programme\\XAMMP\\php\\ext\\pdo_sqlit (Das angegebene Modul wurde nicht gefunden), E:\\Programme\\XAMMP\\php\\ext\\php_pdo_sqlit.dll (Das angegebene Modul wurde nicht gefunden)) in Unknown on line 0
[Wed Feb 28 17:41:56.620847 2024] [mpm_winnt:notice] [pid 11944:tid 408] AH00354: Child: Starting 150 worker threads.
[Wed Feb 28 17:52:11.647980 2024] [ssl:warn] [pid 15920:tid 400] AH01909: www.example.com:443:0 server certificate does NOT include an ID which matches the server name
[Wed Feb 28 17:52:11.680958 2024] [core:warn] [pid 15920:tid 400] AH00098: pid file E:/Programme/XAMMP/apache/logs/httpd.pid overwritten -- Unclean shutdown of previous Apache run?
[Wed Feb 28 17:52:11.682958 2024] [ssl:warn] [pid 15920:tid 400] AH01909: www.example.com:443:0 server certificate does NOT include an ID which matches the server name
PHP Warning:  PHP Startup: Unable to load dynamic library 'pdo_sqlit' (tried: E:\\Programme\\XAMMP\\php\\ext\\pdo_sqlit (Das angegebene Modul wurde nicht gefunden), E:\\Programme\\XAMMP\\php\\ext\\php_pdo_sqlit.dll (Das angegebene Modul wurde nicht gefunden)) in Unknown on line 0
[Wed Feb 28 17:52:11.724948 2024] [mpm_winnt:notice] [pid 15920:tid 400] AH00455: Apache/2.4.58 (Win64) OpenSSL/3.1.3 PHP/8.2.12 configured -- resuming normal operations
[Wed Feb 28 17:52:11.724948 2024] [mpm_winnt:notice] [pid 15920:tid 400] AH00456: Apache Lounge VS17 Server built: Oct 18 2023 13:03:18
[Wed Feb 28 17:52:11.724948 2024] [core:notice] [pid 15920:tid 400] AH00094: Command line: 'e:\\programme\\xammp\\apache\\bin\\httpd.exe -d E:/Programme/XAMMP/apache'
[Wed Feb 28 17:52:11.727934 2024] [mpm_winnt:notice] [pid 15920:tid 400] AH00418: Parent: Created child process 8296
[Wed Feb 28 17:52:12.072744 2024] [ssl:warn] [pid 8296:tid 400] AH01909: www.example.com:443:0 server certificate does NOT include an ID which matches the server name
[Wed Feb 28 17:52:12.103919 2024] [ssl:warn] [pid 8296:tid 400] AH01909: www.example.com:443:0 server certificate does NOT include an ID which matches the server name
PHP Warning:  PHP Startup: Unable to load dynamic library 'pdo_sqlit' (tried: E:\\Programme\\XAMMP\\php\\ext\\pdo_sqlit (Das angegebene Modul wurde nicht gefunden), E:\\Programme\\XAMMP\\php\\ext\\php_pdo_sqlit.dll (Das angegebene Modul wurde nicht gefunden)) in Unknown on line 0
[Wed Feb 28 17:52:12.145894 2024] [mpm_winnt:notice] [pid 8296:tid 400] AH00354: Child: Starting 150 worker threads.
[Wed Feb 28 17:52:14.579094 2024] [core:alert] [pid 8296:tid 1904] [client 127.0.0.1:60749] E:/Programme/XAMMP/htdocs/public/.htaccess: RewriteBase takes one argument, the base URL of the per-directory context, referer: http://localhost/public/user/login
[Wed Feb 28 17:52:16.624312 2024] [core:alert] [pid 8296:tid 1904] [client 127.0.0.1:60751] E:/Programme/XAMMP/htdocs/public/.htaccess: RewriteBase takes one argument, the base URL of the per-directory context, referer: http://localhost/public/user/login
[Wed Feb 28 17:52:22.118348 2024] [core:alert] [pid 8296:tid 1904] [client 127.0.0.1:60753] E:/Programme/XAMMP/htdocs/public/.htaccess: RewriteBase takes one argument, the base URL of the per-directory context
[Wed Feb 28 17:52:22.133339 2024] [core:alert] [pid 8296:tid 1904] [client 127.0.0.1:60754] E:/Programme/XAMMP/htdocs/public/.htaccess: RewriteBase takes one argument, the base URL of the per-directory context
[Wed Feb 28 17:52:26.169992 2024] [core:alert] [pid 8296:tid 1904] [client 127.0.0.1:60757] E:/Programme/XAMMP/htdocs/public/.htaccess: RewriteBase takes one argument, the base URL of the per-directory context
[Wed Feb 28 17:55:41.461772 2024] [core:alert] [pid 8296:tid 1880] [client 127.0.0.1:60932] E:/Programme/XAMMP/htdocs/public/.htaccess: RewriteBase takes one argument, the base URL of the per-directory context
[Wed Feb 28 17:55:49.544777 2024] [core:alert] [pid 8296:tid 1904] [client 127.0.0.1:60936] E:/Programme/XAMMP/htdocs/public/.htaccess: RewriteBase takes one argument, the base URL of the per-directory context, referer: http://localhost/public/user/login
[Wed Feb 28 17:58:18.124929 2024] [core:error] [pid 8296:tid 1884] [client 127.0.0.1:60998] AH00124: Request exceeded the limit of 10 internal redirects due to probable configuration error. Use 'LimitInternalRecursion' to increase the limit if necessary. Use 'LogLevel debug' to get a backtrace., referer: http://localhost/public/user/login
[Wed Feb 28 18:04:35.777979 2024] [core:error] [pid 8296:tid 1904] [client 127.0.0.1:65368] AH00124: Request exceeded the limit of 10 internal redirects due to probable configuration error. Use 'LimitInternalRecursion' to increase the limit if necessary. Use 'LogLevel debug' to get a backtrace.
[Wed Feb 28 18:04:54.981110 2024] [core:error] [pid 8296:tid 1880] [client 127.0.0.1:65376] AH00124: Request exceeded the limit of 10 internal redirects due to probable configuration error. Use 'LimitInternalRecursion' to increase the limit if necessary. Use 'LogLevel debug' to get a backtrace., referer: http://localhost/public/setup.php/
[Wed Feb 28 18:07:25.940876 2024] [core:error] [pid 8296:tid 1876] [client 127.0.0.1:65482] AH00124: Request exceeded the limit of 10 internal redirects due to probable configuration error. Use 'LimitInternalRecursion' to increase the limit if necessary. Use 'LogLevel debug' to get a backtrace., referer: http://localhost/public/
[Wed Feb 28 18:11:27.145050 2024] [core:alert] [pid 8296:tid 1876] [client 127.0.0.1:49296] E:/Programme/XAMMP/htdocs/public/.htaccess: RewriteBase takes one argument, the base URL of the per-directory context
[Wed Feb 28 18:11:28.035486 2024] [core:alert] [pid 8296:tid 1876] [client 127.0.0.1:49297] E:/Programme/XAMMP/htdocs/public/.htaccess: RewriteBase takes one argument, the base URL of the per-directory context
[Wed Feb 28 18:11:28.751203 2024] [core:alert] [pid 8296:tid 1876] [client 127.0.0.1:49299] E:/Programme/XAMMP/htdocs/public/.htaccess: RewriteBase takes one argument, the base URL of the per-directory context
[Thu Feb 29 19:42:50.544460 2024] [ssl:warn] [pid 6312:tid 192] AH01909: www.example.com:443:0 server certificate does NOT include an ID which matches the server name
[Thu Feb 29 19:42:50.576185 2024] [core:warn] [pid 6312:tid 192] AH00098: pid file C:/XAMMP/apache/logs/httpd.pid overwritten -- Unclean shutdown of previous Apache run?
[Thu Feb 29 19:42:50.583193 2024] [ssl:warn] [pid 6312:tid 192] AH01909: www.example.com:443:0 server certificate does NOT include an ID which matches the server name
PHP Warning:  PHP Startup: Unable to load dynamic library 'pdo_sqlit' (tried: C:\\XAMMP\\php\\ext\\pdo_sqlit (The specified module could not be found), C:\\XAMMP\\php\\ext\\php_pdo_sqlit.dll (The specified module could not be found)) in Unknown on line 0
[Thu Feb 29 19:42:52.209954 2024] [mpm_winnt:notice] [pid 6312:tid 192] AH00455: Apache/2.4.58 (Win64) OpenSSL/3.1.3 PHP/8.2.12 configured -- resuming normal operations
[Thu Feb 29 19:42:52.209954 2024] [mpm_winnt:notice] [pid 6312:tid 192] AH00456: Apache Lounge VS17 Server built: Oct 18 2023 13:03:18
[Thu Feb 29 19:42:52.209954 2024] [core:notice] [pid 6312:tid 192] AH00094: Command line: 'C:\\xammp\\apache\\bin\\httpd.exe -d C:/XAMMP/apache'
[Thu Feb 29 19:42:52.209954 2024] [mpm_winnt:notice] [pid 6312:tid 192] AH00418: Parent: Created child process 1500
[Thu Feb 29 19:42:52.445549 2024] [ssl:warn] [pid 1500:tid 412] AH01909: www.example.com:443:0 server certificate does NOT include an ID which matches the server name
[Thu Feb 29 19:42:52.476802 2024] [ssl:warn] [pid 1500:tid 412] AH01909: www.example.com:443:0 server certificate does NOT include an ID which matches the server name
PHP Warning:  PHP Startup: Unable to load dynamic library 'pdo_sqlit' (tried: C:\\XAMMP\\php\\ext\\pdo_sqlit (The specified module could not be found), C:\\XAMMP\\php\\ext\\php_pdo_sqlit.dll (The specified module could not be found)) in Unknown on line 0
[Thu Feb 29 19:42:52.524069 2024] [mpm_winnt:notice] [pid 1500:tid 412] AH00354: Child: Starting 150 worker threads.
[Thu Mar 14 00:28:48.401280 2024] [mpm_winnt:notice] [pid 6312:tid 192] AH00422: Parent: Received shutdown signal -- Shutting down the server.
[Thu Mar 14 00:28:50.466755 2024] [mpm_winnt:notice] [pid 1500:tid 412] AH00364: Child: All worker threads have exited.
[Thu Mar 14 00:28:50.591753 2024] [mpm_winnt:notice] [pid 6312:tid 192] AH00430: Parent: Child process 1500 exited successfully.
[Thu Mar 14 00:31:45.624693 2024] [ssl:warn] [pid 4484:tid 340] AH01909: www.example.com:443:0 server certificate does NOT include an ID which matches the server name
[Thu Mar 14 00:31:45.718862 2024] [ssl:warn] [pid 4484:tid 340] AH01909: www.example.com:443:0 server certificate does NOT include an ID which matches the server name
PHP Warning:  PHP Startup: Unable to load dynamic library 'pdo_sqlit' (tried: C:\\XAMMP\\php\\ext\\pdo_sqlit (The specified module could not be found), C:\\XAMMP\\php\\ext\\php_pdo_sqlit.dll (The specified module could not be found)) in Unknown on line 0
[Thu Mar 14 00:31:46.535137 2024] [mpm_winnt:notice] [pid 4484:tid 340] AH00455: Apache/2.4.58 (Win64) OpenSSL/3.1.3 PHP/8.2.12 configured -- resuming normal operations
[Thu Mar 14 00:31:46.535137 2024] [mpm_winnt:notice] [pid 4484:tid 340] AH00456: Apache Lounge VS17 Server built: Oct 18 2023 13:03:18
[Thu Mar 14 00:31:46.535137 2024] [core:notice] [pid 4484:tid 340] AH00094: Command line: 'C:\\xammp\\apache\\bin\\httpd.exe -d C:/XAMMP/apache'
[Thu Mar 14 00:31:46.535137 2024] [mpm_winnt:notice] [pid 4484:tid 340] AH00418: Parent: Created child process 7944
[Thu Mar 14 00:31:47.147392 2024] [ssl:warn] [pid 7944:tid 352] AH01909: www.example.com:443:0 server certificate does NOT include an ID which matches the server name
[Thu Mar 14 00:31:47.194262 2024] [ssl:warn] [pid 7944:tid 352] AH01909: www.example.com:443:0 server certificate does NOT include an ID which matches the server name
PHP Warning:  PHP Startup: Unable to load dynamic library 'pdo_sqlit' (tried: C:\\XAMMP\\php\\ext\\pdo_sqlit (The specified module could not be found), C:\\XAMMP\\php\\ext\\php_pdo_sqlit.dll (The specified module could not be found)) in Unknown on line 0
[Thu Mar 14 00:31:47.241566 2024] [mpm_winnt:notice] [pid 7944:tid 352] AH00354: Child: Starting 150 worker threads.
[Thu Mar 14 11:20:53.874147 2024] [mpm_winnt:notice] [pid 4484:tid 340] AH00422: Parent: Received shutdown signal -- Shutting down the server.
[Thu Mar 14 11:20:55.894058 2024] [mpm_winnt:notice] [pid 7944:tid 352] AH00364: Child: All worker threads have exited.
[Thu Mar 14 11:20:55.987613 2024] [mpm_winnt:notice] [pid 4484:tid 340] AH00430: Parent: Child process 7944 exited successfully.
[Thu Mar 14 10:36:02.600294 2024] [ssl:warn] [pid 4488:tid 148] AH01909: www.example.com:443:0 server certificate does NOT include an ID which matches the server name
[Thu Mar 14 10:36:02.631544 2024] [ssl:warn] [pid 4488:tid 148] AH01909: www.example.com:443:0 server certificate does NOT include an ID which matches the server name
PHP Warning:  PHP Startup: Unable to load dynamic library 'pdo_sqlit' (tried: C:\\XAMMP\\php\\ext\\pdo_sqlit (The specified module could not be found), C:\\XAMMP\\php\\ext\\php_pdo_sqlit.dll (The specified module could not be found)) in Unknown on line 0
[Thu Mar 14 10:36:02.804247 2024] [mpm_winnt:notice] [pid 4488:tid 148] AH00455: Apache/2.4.58 (Win64) OpenSSL/3.1.3 PHP/8.2.12 configured -- resuming normal operations
[Thu Mar 14 10:36:02.804247 2024] [mpm_winnt:notice] [pid 4488:tid 148] AH00456: Apache Lounge VS17 Server built: Oct 18 2023 13:03:18
[Thu Mar 14 10:36:02.804247 2024] [core:notice] [pid 4488:tid 148] AH00094: Command line: 'C:\\xammp\\apache\\bin\\httpd.exe -d C:/XAMMP/apache'
[Thu Mar 14 10:36:02.804247 2024] [mpm_winnt:notice] [pid 4488:tid 148] AH00418: Parent: Created child process 9948
[Thu Mar 14 10:36:03.525429 2024] [ssl:warn] [pid 9948:tid 352] AH01909: www.example.com:443:0 server certificate does NOT include an ID which matches the server name
[Thu Mar 14 10:36:03.572301 2024] [ssl:warn] [pid 9948:tid 352] AH01909: www.example.com:443:0 server certificate does NOT include an ID which matches the server name
PHP Warning:  PHP Startup: Unable to load dynamic library 'pdo_sqlit' (tried: C:\\XAMMP\\php\\ext\\pdo_sqlit (The specified module could not be found), C:\\XAMMP\\php\\ext\\php_pdo_sqlit.dll (The specified module could not be found)) in Unknown on line 0
[Thu Mar 14 10:36:03.619597 2024] [mpm_winnt:notice] [pid 9948:tid 352] AH00354: Child: Starting 150 worker threads.
[Thu Mar 14 10:52:42.913378 2024] [mpm_winnt:notice] [pid 4488:tid 148] AH00422: Parent: Received shutdown signal -- Shutting down the server.
[Thu Mar 14 10:52:44.945054 2024] [mpm_winnt:notice] [pid 9948:tid 352] AH00364: Child: All worker threads have exited.
[Thu Mar 14 10:52:44.960679 2024] [mpm_winnt:notice] [pid 4488:tid 148] AH00430: Parent: Child process 9948 exited successfully.
[Thu Mar 14 11:07:28.935975 2024] [ssl:warn] [pid 4496:tid 336] AH01909: www.example.com:443:0 server certificate does NOT include an ID which matches the server name
[Thu Mar 14 11:07:28.982849 2024] [ssl:warn] [pid 4496:tid 336] AH01909: www.example.com:443:0 server certificate does NOT include an ID which matches the server name
PHP Warning:  PHP Startup: Unable to load dynamic library 'pdo_sqlit' (tried: C:\\XAMMP\\php\\ext\\pdo_sqlit (The specified module could not be found), C:\\XAMMP\\php\\ext\\php_pdo_sqlit.dll (The specified module could not be found)) in Unknown on line 0
[Thu Mar 14 11:07:29.297945 2024] [mpm_winnt:notice] [pid 4496:tid 336] AH00455: Apache/2.4.58 (Win64) OpenSSL/3.1.3 PHP/8.2.12 configured -- resuming normal operations
[Thu Mar 14 11:07:29.297945 2024] [mpm_winnt:notice] [pid 4496:tid 336] AH00456: Apache Lounge VS17 Server built: Oct 18 2023 13:03:18
[Thu Mar 14 11:07:29.297945 2024] [core:notice] [pid 4496:tid 336] AH00094: Command line: 'C:\\xammp\\apache\\bin\\httpd.exe -d C:/XAMMP/apache'
[Thu Mar 14 11:07:29.297945 2024] [mpm_winnt:notice] [pid 4496:tid 336] AH00418: Parent: Created child process 8016
[Thu Mar 14 11:07:30.333767 2024] [ssl:warn] [pid 8016:tid 352] AH01909: www.example.com:443:0 server certificate does NOT include an ID which matches the server name
[Thu Mar 14 11:07:30.365017 2024] [ssl:warn] [pid 8016:tid 352] AH01909: www.example.com:443:0 server certificate does NOT include an ID which matches the server name
PHP Warning:  PHP Startup: Unable to load dynamic library 'pdo_sqlit' (tried: C:\\XAMMP\\php\\ext\\pdo_sqlit (The specified module could not be found), C:\\XAMMP\\php\\ext\\php_pdo_sqlit.dll (The specified module could not be found)) in Unknown on line 0
[Thu Mar 14 11:07:30.443705 2024] [mpm_winnt:notice] [pid 8016:tid 352] AH00354: Child: Starting 150 worker threads.
[Thu Mar 14 11:18:45.751511 2024] [mpm_winnt:notice] [pid 4496:tid 336] AH00422: Parent: Received shutdown signal -- Shutting down the server.
[Thu Mar 14 11:18:47.783306 2024] [mpm_winnt:notice] [pid 8016:tid 352] AH00364: Child: All worker threads have exited.
[Thu Mar 14 11:18:47.830063 2024] [mpm_winnt:notice] [pid 4496:tid 336] AH00430: Parent: Child process 8016 exited successfully.
[Sat Mar 16 15:46:05.001753 2024] [ssl:warn] [pid 5156:tid 340] AH01909: www.example.com:443:0 server certificate does NOT include an ID which matches the server name
[Sat Mar 16 15:46:05.033007 2024] [ssl:warn] [pid 5156:tid 340] AH01909: www.example.com:443:0 server certificate does NOT include an ID which matches the server name
PHP Warning:  PHP Startup: Unable to load dynamic library 'pdo_sqlit' (tried: C:\\XAMMP\\php\\ext\\pdo_sqlit (The specified module could not be found), C:\\XAMMP\\php\\ext\\php_pdo_sqlit.dll (The specified module could not be found)) in Unknown on line 0
[Sat Mar 16 15:46:05.205733 2024] [mpm_winnt:notice] [pid 5156:tid 340] AH00455: Apache/2.4.58 (Win64) OpenSSL/3.1.3 PHP/8.2.12 configured -- resuming normal operations
[Sat Mar 16 15:46:05.205733 2024] [mpm_winnt:notice] [pid 5156:tid 340] AH00456: Apache Lounge VS17 Server built: Oct 18 2023 13:03:18
[Sat Mar 16 15:46:05.205733 2024] [core:notice] [pid 5156:tid 340] AH00094: Command line: 'C:\\xammp\\apache\\bin\\httpd.exe -d C:/XAMMP/apache'
[Sat Mar 16 15:46:05.205733 2024] [mpm_winnt:notice] [pid 5156:tid 340] AH00418: Parent: Created child process 8140
[Sat Mar 16 15:46:06.320118 2024] [ssl:warn] [pid 8140:tid 360] AH01909: www.example.com:443:0 server certificate does NOT include an ID which matches the server name
[Sat Mar 16 15:46:06.367388 2024] [ssl:warn] [pid 8140:tid 360] AH01909: www.example.com:443:0 server certificate does NOT include an ID which matches the server name
PHP Warning:  PHP Startup: Unable to load dynamic library 'pdo_sqlit' (tried: C:\\XAMMP\\php\\ext\\pdo_sqlit (The specified module could not be found), C:\\XAMMP\\php\\ext\\php_pdo_sqlit.dll (The specified module could not be found)) in Unknown on line 0
[Sat Mar 16 15:46:06.477202 2024] [mpm_winnt:notice] [pid 8140:tid 360] AH00354: Child: Starting 150 worker threads.
[Mon Mar 25 11:56:13.640456 2024] [mpm_winnt:notice] [pid 5156:tid 340] AH00422: Parent: Received shutdown signal -- Shutting down the server.
[Mon Mar 25 11:56:15.750547 2024] [mpm_winnt:notice] [pid 8140:tid 360] AH00364: Child: All worker threads have exited.
[Mon Mar 25 11:56:15.859743 2024] [mpm_winnt:notice] [pid 5156:tid 340] AH00430: Parent: Child process 8140 exited successfully.
[Mon Mar 25 11:58:22.529218 2024] [ssl:warn] [pid 5064:tid 356] AH01909: www.example.com:443:0 server certificate does NOT include an ID which matches the server name
[Mon Mar 25 11:58:22.560465 2024] [ssl:warn] [pid 5064:tid 356] AH01909: www.example.com:443:0 server certificate does NOT include an ID which matches the server name
PHP Warning:  PHP Startup: Unable to load dynamic library 'pdo_sqlit' (tried: C:\\XAMMP\\php\\ext\\pdo_sqlit (The specified module could not be found), C:\\XAMMP\\php\\ext\\php_pdo_sqlit.dll (The specified module could not be found)) in Unknown on line 0
[Mon Mar 25 11:58:22.654642 2024] [mpm_winnt:notice] [pid 5064:tid 356] AH00455: Apache/2.4.58 (Win64) OpenSSL/3.1.3 PHP/8.2.12 configured -- resuming normal operations
[Mon Mar 25 11:58:22.654642 2024] [mpm_winnt:notice] [pid 5064:tid 356] AH00456: Apache Lounge VS17 Server built: Oct 18 2023 13:03:18
[Mon Mar 25 11:58:22.654642 2024] [core:notice] [pid 5064:tid 356] AH00094: Command line: 'C:\\xammp\\apache\\bin\\httpd.exe -d C:/XAMMP/apache'
[Mon Mar 25 11:58:22.654642 2024] [mpm_winnt:notice] [pid 5064:tid 356] AH00418: Parent: Created child process 7796
[Mon Mar 25 11:58:23.423569 2024] [ssl:warn] [pid 7796:tid 352] AH01909: www.example.com:443:0 server certificate does NOT include an ID which matches the server name
[Mon Mar 25 11:58:23.454820 2024] [ssl:warn] [pid 7796:tid 352] AH01909: www.example.com:443:0 server certificate does NOT include an ID which matches the server name
PHP Warning:  PHP Startup: Unable to load dynamic library 'pdo_sqlit' (tried: C:\\XAMMP\\php\\ext\\pdo_sqlit (The specified module could not be found), C:\\XAMMP\\php\\ext\\php_pdo_sqlit.dll (The specified module could not be found)) in Unknown on line 0
[Mon Mar 25 11:58:23.517227 2024] [mpm_winnt:notice] [pid 7796:tid 352] AH00354: Child: Starting 150 worker threads.
[Wed Mar 27 12:51:25.671535 2024] [mpm_winnt:notice] [pid 5064:tid 356] AH00422: Parent: Received shutdown signal -- Shutting down the server.
[Wed Mar 27 12:51:27.718889 2024] [mpm_winnt:notice] [pid 7796:tid 352] AH00364: Child: All worker threads have exited.
[Wed Mar 27 12:51:27.812633 2024] [mpm_winnt:notice] [pid 5064:tid 356] AH00430: Parent: Child process 7796 exited successfully.
[Wed Mar 27 12:53:25.404659 2024] [ssl:warn] [pid 5288:tid 84] AH01909: www.example.com:443:0 server certificate does NOT include an ID which matches the server name
[Wed Mar 27 12:53:25.468302 2024] [ssl:warn] [pid 5288:tid 84] AH01909: www.example.com:443:0 server certificate does NOT include an ID which matches the server name
PHP Warning:  PHP Startup: Unable to load dynamic library 'pdo_sqlit' (tried: C:\\XAMMP\\php\\ext\\pdo_sqlit (The specified module could not be found), C:\\XAMMP\\php\\ext\\php_pdo_sqlit.dll (The specified module could not be found)) in Unknown on line 0
[Wed Mar 27 12:53:25.737927 2024] [mpm_winnt:notice] [pid 5288:tid 84] AH00455: Apache/2.4.58 (Win64) OpenSSL/3.1.3 PHP/8.2.12 configured -- resuming normal operations
[Wed Mar 27 12:53:25.737927 2024] [mpm_winnt:notice] [pid 5288:tid 84] AH00456: Apache Lounge VS17 Server built: Oct 18 2023 13:03:18
[Wed Mar 27 12:53:25.737927 2024] [core:notice] [pid 5288:tid 84] AH00094: Command line: 'C:\\xammp\\apache\\bin\\httpd.exe -d C:/XAMMP/apache'
[Wed Mar 27 12:53:25.737927 2024] [mpm_winnt:notice] [pid 5288:tid 84] AH00418: Parent: Created child process 8156
[Wed Mar 27 12:53:26.419318 2024] [ssl:warn] [pid 8156:tid 352] AH01909: www.example.com:443:0 server certificate does NOT include an ID which matches the server name
[Wed Mar 27 12:53:26.443968 2024] [ssl:warn] [pid 8156:tid 352] AH01909: www.example.com:443:0 server certificate does NOT include an ID which matches the server name
PHP Warning:  PHP Startup: Unable to load dynamic library 'pdo_sqlit' (tried: C:\\XAMMP\\php\\ext\\pdo_sqlit (The specified module could not be found), C:\\XAMMP\\php\\ext\\php_pdo_sqlit.dll (The specified module could not be found)) in Unknown on line 0
[Wed Mar 27 12:53:26.506470 2024] [mpm_winnt:notice] [pid 8156:tid 352] AH00354: Child: Starting 150 worker threads.
[Wed Mar 27 20:05:28.376620 2024] [php:error] [pid 8156:tid 1976] [client ::1:58652] PHP Fatal error:  Uncaught mysqli_sql_exception: Access denied for user 'rootq'@'localhost' (using password: NO) in C:\\XAMMP\\htdocs\\first_website\\config.php:13\nStack trace:\n#0 C:\\XAMMP\\htdocs\\first_website\\config.php(13): mysqli_connect('localhost', 'rootq', Object(SensitiveParameterValue), 'login_system')\n#1 {main}\n  thrown in C:\\XAMMP\\htdocs\\first_website\\config.php on line 13, referer: http://localhost/first_website/
[Wed Mar 27 20:08:04.940063 2024] [php:error] [pid 8156:tid 1956] [client ::1:55971] PHP Fatal error:  Uncaught mysqli_sql_exception: Access denied for user 'rootq'@'localhost' (using password: NO) in C:\\XAMMP\\htdocs\\first_website\\config.php:13\nStack trace:\n#0 C:\\XAMMP\\htdocs\\first_website\\config.php(13): mysqli_connect('localhost', 'rootq', Object(SensitiveParameterValue), 'login_system')\n#1 {main}\n  thrown in C:\\XAMMP\\htdocs\\first_website\\config.php on line 13, referer: http://localhost/first_website/
[Wed Mar 27 20:08:14.463025 2024] [php:error] [pid 8156:tid 1956] [client ::1:55974] PHP Fatal error:  Uncaught mysqli_sql_exception: Access denied for user 'rootq'@'localhost' (using password: NO) in C:\\XAMMP\\htdocs\\first_website\\config.php:13\nStack trace:\n#0 C:\\XAMMP\\htdocs\\first_website\\config.php(13): mysqli_connect('localhost', 'rootq', Object(SensitiveParameterValue), 'login_system')\n#1 {main}\n  thrown in C:\\XAMMP\\htdocs\\first_website\\config.php on line 13, referer: http://localhost/first_website/
[Wed Mar 27 20:11:14.757571 2024] [php:error] [pid 8156:tid 1956] [client ::1:61855] PHP Fatal error:  Uncaught mysqli_sql_exception: Access denied for user 'rootd'@'localhost' (using password: NO) in C:\\XAMMP\\htdocs\\first_website\\config.php:13\nStack trace:\n#0 C:\\XAMMP\\htdocs\\first_website\\config.php(13): mysqli_connect('localhost', 'rootd', Object(SensitiveParameterValue), 'login_system')\n#1 {main}\n  thrown in C:\\XAMMP\\htdocs\\first_website\\config.php on line 13, referer: http://localhost/first_website/
[Wed Mar 27 20:11:46.361909 2024] [php:error] [pid 8156:tid 1956] [client ::1:61858] PHP Fatal error:  Uncaught mysqli_sql_exception: Access denied for user 'rootd'@'localhost' (using password: NO) in C:\\XAMMP\\htdocs\\first_website\\config.php:13\nStack trace:\n#0 C:\\XAMMP\\htdocs\\first_website\\config.php(13): mysqli_connect('localhost', 'rootd', Object(SensitiveParameterValue), 'login_system')\n#1 {main}\n  thrown in C:\\XAMMP\\htdocs\\first_website\\config.php on line 13, referer: http://localhost/first_website/
[Wed Mar 27 20:11:49.022281 2024] [php:error] [pid 8156:tid 1956] [client ::1:61861] PHP Fatal error:  Uncaught mysqli_sql_exception: Access denied for user 'rootd'@'localhost' (using password: NO) in C:\\XAMMP\\htdocs\\first_website\\config.php:13\nStack trace:\n#0 C:\\XAMMP\\htdocs\\first_website\\config.php(13): mysqli_connect('localhost', 'rootd', Object(SensitiveParameterValue), 'login_system')\n#1 {main}\n  thrown in C:\\XAMMP\\htdocs\\first_website\\config.php on line 13, referer: http://localhost/first_website/
[Wed Mar 27 20:11:49.741774 2024] [php:error] [pid 8156:tid 1956] [client ::1:61861] PHP Fatal error:  Uncaught mysqli_sql_exception: Access denied for user 'rootd'@'localhost' (using password: NO) in C:\\XAMMP\\htdocs\\first_website\\config.php:13\nStack trace:\n#0 C:\\XAMMP\\htdocs\\first_website\\config.php(13): mysqli_connect('localhost', 'rootd', Object(SensitiveParameterValue), 'login_system')\n#1 {main}\n  thrown in C:\\XAMMP\\htdocs\\first_website\\config.php on line 13, referer: http://localhost/first_website/
[Wed Mar 27 20:11:50.464215 2024] [php:error] [pid 8156:tid 1956] [client ::1:61861] PHP Fatal error:  Uncaught mysqli_sql_exception: Access denied for user 'rootd'@'localhost' (using password: NO) in C:\\XAMMP\\htdocs\\first_website\\config.php:13\nStack trace:\n#0 C:\\XAMMP\\htdocs\\first_website\\config.php(13): mysqli_connect('localhost', 'rootd', Object(SensitiveParameterValue), 'login_system')\n#1 {main}\n  thrown in C:\\XAMMP\\htdocs\\first_website\\config.php on line 13, referer: http://localhost/first_website/
[Wed Mar 27 20:11:51.013046 2024] [php:error] [pid 8156:tid 1956] [client ::1:61861] PHP Fatal error:  Uncaught mysqli_sql_exception: Access denied for user 'rootd'@'localhost' (using password: NO) in C:\\XAMMP\\htdocs\\first_website\\config.php:13\nStack trace:\n#0 C:\\XAMMP\\htdocs\\first_website\\config.php(13): mysqli_connect('localhost', 'rootd', Object(SensitiveParameterValue), 'login_system')\n#1 {main}\n  thrown in C:\\XAMMP\\htdocs\\first_website\\config.php on line 13, referer: http://localhost/first_website/
[Wed Mar 27 20:11:51.245388 2024] [php:error] [pid 8156:tid 1956] [client ::1:61861] PHP Fatal error:  Uncaught mysqli_sql_exception: Access denied for user 'rootd'@'localhost' (using password: NO) in C:\\XAMMP\\htdocs\\first_website\\config.php:13\nStack trace:\n#0 C:\\XAMMP\\htdocs\\first_website\\config.php(13): mysqli_connect('localhost', 'rootd', Object(SensitiveParameterValue), 'login_system')\n#1 {main}\n  thrown in C:\\XAMMP\\htdocs\\first_website\\config.php on line 13, referer: http://localhost/first_website/
[Wed Mar 27 20:11:55.290093 2024] [php:error] [pid 8156:tid 1956] [client ::1:61861] PHP Fatal error:  Uncaught mysqli_sql_exception: Access denied for user 'rootd'@'localhost' (using password: NO) in C:\\XAMMP\\htdocs\\first_website\\config.php:13\nStack trace:\n#0 C:\\XAMMP\\htdocs\\first_website\\config.php(13): mysqli_connect('localhost', 'rootd', Object(SensitiveParameterValue), 'login_system')\n#1 {main}\n  thrown in C:\\XAMMP\\htdocs\\first_website\\config.php on line 13, referer: http://localhost/first_website/
[Sat Apr 06 16:27:17.612303 2024] [mpm_winnt:notice] [pid 5288:tid 84] AH00422: Parent: Received shutdown signal -- Shutting down the server.
[Sat Apr 06 16:27:19.706478 2024] [mpm_winnt:notice] [pid 8156:tid 352] AH00364: Child: All worker threads have exited.
[Sat Apr 06 16:27:19.815858 2024] [mpm_winnt:notice] [pid 5288:tid 84] AH00430: Parent: Child process 8156 exited successfully.
[Mon Apr 08 19:08:44.597966 2024] [ssl:warn] [pid 5464:tid 340] AH01909: www.example.com:443:0 server certificate does NOT include an ID which matches the server name
[Mon Apr 08 19:08:44.644839 2024] [ssl:warn] [pid 5464:tid 340] AH01909: www.example.com:443:0 server certificate does NOT include an ID which matches the server name
PHP Warning:  PHP Startup: Unable to load dynamic library 'pdo_sqlit' (tried: C:\\XAMMP\\php\\ext\\pdo_sqlit (The specified module could not be found), C:\\XAMMP\\php\\ext\\php_pdo_sqlit.dll (The specified module could not be found)) in Unknown on line 0
[Mon Apr 08 19:08:45.005853 2024] [mpm_winnt:notice] [pid 5464:tid 340] AH00455: Apache/2.4.58 (Win64) OpenSSL/3.1.3 PHP/8.2.12 configured -- resuming normal operations
[Mon Apr 08 19:08:45.005853 2024] [mpm_winnt:notice] [pid 5464:tid 340] AH00456: Apache Lounge VS17 Server built: Oct 18 2023 13:03:18
[Mon Apr 08 19:08:45.005853 2024] [core:notice] [pid 5464:tid 340] AH00094: Command line: 'C:\\xammp\\apache\\bin\\httpd.exe -d C:/XAMMP/apache'
[Mon Apr 08 19:08:45.005853 2024] [mpm_winnt:notice] [pid 5464:tid 340] AH00418: Parent: Created child process 8140
[Mon Apr 08 19:08:45.884547 2024] [ssl:warn] [pid 8140:tid 352] AH01909: www.example.com:443:0 server certificate does NOT include an ID which matches the server name
[Mon Apr 08 19:08:45.915809 2024] [ssl:warn] [pid 8140:tid 352] AH01909: www.example.com:443:0 server certificate does NOT include an ID which matches the server name
PHP Warning:  PHP Startup: Unable to load dynamic library 'pdo_sqlit' (tried: C:\\XAMMP\\php\\ext\\pdo_sqlit (The specified module could not be found), C:\\XAMMP\\php\\ext\\php_pdo_sqlit.dll (The specified module could not be found)) in Unknown on line 0
[Mon Apr 08 19:08:45.962686 2024] [mpm_winnt:notice] [pid 8140:tid 352] AH00354: Child: Starting 150 worker threads.
[Mon Apr 08 22:37:31.535187 2024] [mpm_winnt:notice] [pid 5464:tid 340] AH00422: Parent: Received shutdown signal -- Shutting down the server.
[Mon Apr 08 22:37:33.571531 2024] [mpm_winnt:notice] [pid 8140:tid 352] AH00364: Child: All worker threads have exited.
[Mon Apr 08 22:37:33.665278 2024] [mpm_winnt:notice] [pid 5464:tid 340] AH00430: Parent: Child process 8140 exited successfully.
[Wed Apr 10 07:07:16.283463 2024] [ssl:warn] [pid 5024:tid 336] AH01909: www.example.com:443:0 server certificate does NOT include an ID which matches the server name
[Wed Apr 10 07:07:16.314870 2024] [ssl:warn] [pid 5024:tid 336] AH01909: www.example.com:443:0 server certificate does NOT include an ID which matches the server name
PHP Warning:  PHP Startup: Unable to load dynamic library 'pdo_sqlit' (tried: C:\\XAMMP\\php\\ext\\pdo_sqlit (The specified module could not be found), C:\\XAMMP\\php\\ext\\php_pdo_sqlit.dll (The specified module could not be found)) in Unknown on line 0
[Wed Apr 10 07:07:16.487737 2024] [mpm_winnt:notice] [pid 5024:tid 336] AH00455: Apache/2.4.58 (Win64) OpenSSL/3.1.3 PHP/8.2.12 configured -- resuming normal operations
[Wed Apr 10 07:07:16.487737 2024] [mpm_winnt:notice] [pid 5024:tid 336] AH00456: Apache Lounge VS17 Server built: Oct 18 2023 13:03:18
[Wed Apr 10 07:07:16.487737 2024] [core:notice] [pid 5024:tid 336] AH00094: Command line: 'C:\\xammp\\apache\\bin\\httpd.exe -d C:/XAMMP/apache'
[Wed Apr 10 07:07:16.487737 2024] [mpm_winnt:notice] [pid 5024:tid 336] AH00418: Parent: Created child process 7952
[Wed Apr 10 07:07:17.272279 2024] [ssl:warn] [pid 7952:tid 356] AH01909: www.example.com:443:0 server certificate does NOT include an ID which matches the server name
[Wed Apr 10 07:07:17.303539 2024] [ssl:warn] [pid 7952:tid 356] AH01909: www.example.com:443:0 server certificate does NOT include an ID which matches the server name
PHP Warning:  PHP Startup: Unable to load dynamic library 'pdo_sqlit' (tried: C:\\XAMMP\\php\\ext\\pdo_sqlit (The specified module could not be found), C:\\XAMMP\\php\\ext\\php_pdo_sqlit.dll (The specified module could not be found)) in Unknown on line 0
[Wed Apr 10 07:07:17.357440 2024] [mpm_winnt:notice] [pid 7952:tid 356] AH00354: Child: Starting 150 worker threads.
[Wed Apr 10 21:57:46.750348 2024] [mpm_winnt:notice] [pid 5024:tid 336] AH00422: Parent: Received shutdown signal -- Shutting down the server.
[Wed Apr 10 21:57:48.827936 2024] [mpm_winnt:notice] [pid 7952:tid 356] AH00364: Child: All worker threads have exited.
[Wed Apr 10 21:57:48.937313 2024] [mpm_winnt:notice] [pid 5024:tid 336] AH00430: Parent: Child process 7952 exited successfully.
[Wed Apr 10 22:01:35.930092 2024] [ssl:warn] [pid 4408:tid 336] AH01909: www.example.com:443:0 server certificate does NOT include an ID which matches the server name
[Wed Apr 10 22:01:35.977403 2024] [ssl:warn] [pid 4408:tid 336] AH01909: www.example.com:443:0 server certificate does NOT include an ID which matches the server name
PHP Warning:  PHP Startup: Unable to load dynamic library 'pdo_sqlit' (tried: C:\\XAMMP\\php\\ext\\pdo_sqlit (The specified module could not be found), C:\\XAMMP\\php\\ext\\php_pdo_sqlit.dll (The specified module could not be found)) in Unknown on line 0
[Wed Apr 10 22:01:36.087203 2024] [mpm_winnt:notice] [pid 4408:tid 336] AH00455: Apache/2.4.58 (Win64) OpenSSL/3.1.3 PHP/8.2.12 configured -- resuming normal operations
[Wed Apr 10 22:01:36.087203 2024] [mpm_winnt:notice] [pid 4408:tid 336] AH00456: Apache Lounge VS17 Server built: Oct 18 2023 13:03:18
[Wed Apr 10 22:01:36.087203 2024] [core:notice] [pid 4408:tid 336] AH00094: Command line: 'C:\\xammp\\apache\\bin\\httpd.exe -d C:/XAMMP/apache'
[Wed Apr 10 22:01:36.087203 2024] [mpm_winnt:notice] [pid 4408:tid 336] AH00418: Parent: Created child process 6712
[Wed Apr 10 22:01:36.934552 2024] [ssl:warn] [pid 6712:tid 352] AH01909: www.example.com:443:0 server certificate does NOT include an ID which matches the server name
[Wed Apr 10 22:01:36.960203 2024] [ssl:warn] [pid 6712:tid 352] AH01909: www.example.com:443:0 server certificate does NOT include an ID which matches the server name
PHP Warning:  PHP Startup: Unable to load dynamic library 'pdo_sqlit' (tried: C:\\XAMMP\\php\\ext\\pdo_sqlit (The specified module could not be found), C:\\XAMMP\\php\\ext\\php_pdo_sqlit.dll (The specified module could not be found)) in Unknown on line 0
[Wed Apr 10 22:01:37.013124 2024] [mpm_winnt:notice] [pid 6712:tid 352] AH00354: Child: Starting 150 worker threads.
[Fri Apr 12 11:43:46.761521 2024] [mpm_winnt:notice] [pid 4408:tid 336] AH00422: Parent: Received shutdown signal -- Shutting down the server.
[Fri Apr 12 11:43:48.809346 2024] [mpm_winnt:notice] [pid 6712:tid 352] AH00364: Child: All worker threads have exited.
[Fri Apr 12 11:43:48.903096 2024] [mpm_winnt:notice] [pid 4408:tid 336] AH00430: Parent: Child process 6712 exited successfully.
[Fri Apr 12 11:46:12.360707 2024] [ssl:warn] [pid 4620:tid 372] AH01909: www.example.com:443:0 server certificate does NOT include an ID which matches the server name
[Fri Apr 12 11:46:12.454861 2024] [ssl:warn] [pid 4620:tid 372] AH01909: www.example.com:443:0 server certificate does NOT include an ID which matches the server name
PHP Warning:  PHP Startup: Unable to load dynamic library 'pdo_sqlit' (tried: C:\\XAMMP\\php\\ext\\pdo_sqlit (The specified module could not be found), C:\\XAMMP\\php\\ext\\php_pdo_sqlit.dll (The specified module could not be found)) in Unknown on line 0
[Fri Apr 12 11:46:12.564636 2024] [mpm_winnt:notice] [pid 4620:tid 372] AH00455: Apache/2.4.58 (Win64) OpenSSL/3.1.3 PHP/8.2.12 configured -- resuming normal operations
[Fri Apr 12 11:46:12.564636 2024] [mpm_winnt:notice] [pid 4620:tid 372] AH00456: Apache Lounge VS17 Server built: Oct 18 2023 13:03:18
[Fri Apr 12 11:46:12.564636 2024] [core:notice] [pid 4620:tid 372] AH00094: Command line: 'C:\\xammp\\apache\\bin\\httpd.exe -d C:/XAMMP/apache'
[Fri Apr 12 11:46:12.564636 2024] [mpm_winnt:notice] [pid 4620:tid 372] AH00418: Parent: Created child process 6872
[Fri Apr 12 11:46:13.082784 2024] [ssl:warn] [pid 6872:tid 352] AH01909: www.example.com:443:0 server certificate does NOT include an ID which matches the server name
[Fri Apr 12 11:46:13.145297 2024] [ssl:warn] [pid 6872:tid 352] AH01909: www.example.com:443:0 server certificate does NOT include an ID which matches the server name
PHP Warning:  PHP Startup: Unable to load dynamic library 'pdo_sqlit' (tried: C:\\XAMMP\\php\\ext\\pdo_sqlit (The specified module could not be found), C:\\XAMMP\\php\\ext\\php_pdo_sqlit.dll (The specified module could not be found)) in Unknown on line 0
[Fri Apr 12 11:46:13.192576 2024] [mpm_winnt:notice] [pid 6872:tid 352] AH00354: Child: Starting 150 worker threads.
[Fri Apr 12 11:55:37.901607 2024] [mpm_winnt:notice] [pid 4620:tid 372] AH00422: Parent: Received shutdown signal -- Shutting down the server.
[Fri Apr 12 11:55:39.929166 2024] [mpm_winnt:notice] [pid 6872:tid 352] AH00364: Child: All worker threads have exited.
[Fri Apr 12 11:55:39.944814 2024] [mpm_winnt:notice] [pid 4620:tid 372] AH00430: Parent: Child process 6872 exited successfully.
[Fri Apr 12 11:59:34.433959 2024] [ssl:warn] [pid 5268:tid 192] AH01909: www.example.com:443:0 server certificate does NOT include an ID which matches the server name
[Fri Apr 12 11:59:34.465593 2024] [ssl:warn] [pid 5268:tid 192] AH01909: www.example.com:443:0 server certificate does NOT include an ID which matches the server name
PHP Warning:  PHP Startup: Unable to load dynamic library 'pdo_sqlit' (tried: C:\\XAMMP\\php\\ext\\pdo_sqlit (The specified module could not be found), C:\\XAMMP\\php\\ext\\php_pdo_sqlit.dll (The specified module could not be found)) in Unknown on line 0
[Fri Apr 12 11:59:34.591684 2024] [mpm_winnt:notice] [pid 5268:tid 192] AH00455: Apache/2.4.58 (Win64) OpenSSL/3.1.3 PHP/8.2.12 configured -- resuming normal operations
[Fri Apr 12 11:59:34.591684 2024] [mpm_winnt:notice] [pid 5268:tid 192] AH00456: Apache Lounge VS17 Server built: Oct 18 2023 13:03:18
[Fri Apr 12 11:59:34.591684 2024] [core:notice] [pid 5268:tid 192] AH00094: Command line: 'C:\\xammp\\apache\\bin\\httpd.exe -d C:/XAMMP/apache'
[Fri Apr 12 11:59:34.591684 2024] [mpm_winnt:notice] [pid 5268:tid 192] AH00418: Parent: Created child process 8108
[Fri Apr 12 11:59:35.768544 2024] [ssl:warn] [pid 8108:tid 192] AH01909: www.example.com:443:0 server certificate does NOT include an ID which matches the server name
[Fri Apr 12 11:59:35.784169 2024] [ssl:warn] [pid 8108:tid 192] AH01909: www.example.com:443:0 server certificate does NOT include an ID which matches the server name
PHP Warning:  PHP Startup: Unable to load dynamic library 'pdo_sqlit' (tried: C:\\XAMMP\\php\\ext\\pdo_sqlit (The specified module could not be found), C:\\XAMMP\\php\\ext\\php_pdo_sqlit.dll (The specified module could not be found)) in Unknown on line 0
[Fri Apr 12 11:59:35.893958 2024] [mpm_winnt:notice] [pid 8108:tid 192] AH00354: Child: Starting 150 worker threads.
